{"C:\\Users\\gokud.DESKTOP-9VK8G70\\OneDrive\\Desktop\\Coding\\sunakkered\\server\\controllers\\participate.js": {"path":"C:\\Users\\gokud.DESKTOP-9VK8G70\\OneDrive\\Desktop\\Coding\\sunakkered\\server\\controllers\\participate.js","statementMap":{"0":{"start":{"line":1,"column":20},"end":{"line":1,"column":52}},"1":{"start":{"line":4,"column":4},"end":{"line":9,"column":5}},"2":{"start":{"line":5,"column":29},"end":{"line":5,"column":55}},"3":{"start":{"line":6,"column":8},"end":{"line":6,"column":43}},"4":{"start":{"line":8,"column":8},"end":{"line":8,"column":54}},"5":{"start":{"line":13,"column":4},"end":{"line":19,"column":5}},"6":{"start":{"line":14,"column":19},"end":{"line":14,"column":42}},"7":{"start":{"line":15,"column":28},"end":{"line":15,"column":71}},"8":{"start":{"line":16,"column":8},"end":{"line":16,"column":41}},"9":{"start":{"line":18,"column":8},"end":{"line":18,"column":54}},"10":{"start":{"line":23,"column":4},"end":{"line":29,"column":5}},"11":{"start":{"line":24,"column":21},"end":{"line":24,"column":29}},"12":{"start":{"line":25,"column":31},"end":{"line":25,"column":61}},"13":{"start":{"line":26,"column":8},"end":{"line":26,"column":45}},"14":{"start":{"line":28,"column":8},"end":{"line":28,"column":55}},"15":{"start":{"line":33,"column":4},"end":{"line":41,"column":5}},"16":{"start":{"line":34,"column":21},"end":{"line":34,"column":29}},"17":{"start":{"line":35,"column":19},"end":{"line":35,"column":32}},"18":{"start":{"line":36,"column":28},"end":{"line":36,"column":71}},"19":{"start":{"line":37,"column":23},"end":{"line":37,"column":53}},"20":{"start":{"line":38,"column":8},"end":{"line":38,"column":37}},"21":{"start":{"line":40,"column":8},"end":{"line":40,"column":54}},"22":{"start":{"line":45,"column":4},"end":{"line":52,"column":5}},"23":{"start":{"line":46,"column":19},"end":{"line":46,"column":32}},"24":{"start":{"line":47,"column":28},"end":{"line":47,"column":71}},"25":{"start":{"line":48,"column":23},"end":{"line":48,"column":50}},"26":{"start":{"line":49,"column":8},"end":{"line":49,"column":36}},"27":{"start":{"line":51,"column":8},"end":{"line":51,"column":54}},"28":{"start":{"line":56,"column":0},"end":{"line":58,"column":1}}},"fnMap":{"0":{"name":"index","decl":{"start":{"line":3,"column":15},"end":{"line":3,"column":20}},"loc":{"start":{"line":3,"column":31},"end":{"line":10,"column":1}},"line":3},"1":{"name":"show","decl":{"start":{"line":12,"column":15},"end":{"line":12,"column":19}},"loc":{"start":{"line":12,"column":28},"end":{"line":20,"column":1}},"line":12},"2":{"name":"create","decl":{"start":{"line":22,"column":15},"end":{"line":22,"column":21}},"loc":{"start":{"line":22,"column":33},"end":{"line":30,"column":1}},"line":22},"3":{"name":"update","decl":{"start":{"line":32,"column":15},"end":{"line":32,"column":21}},"loc":{"start":{"line":32,"column":33},"end":{"line":42,"column":1}},"line":32},"4":{"name":"destroy","decl":{"start":{"line":44,"column":15},"end":{"line":44,"column":22}},"loc":{"start":{"line":44,"column":34},"end":{"line":53,"column":1}},"line":44}},"branchMap":{},"s":{"0":1,"1":1,"2":1,"3":1,"4":0,"5":1,"6":1,"7":1,"8":1,"9":0,"10":1,"11":1,"12":1,"13":1,"14":0,"15":0,"16":0,"17":0,"18":0,"19":0,"20":0,"21":0,"22":1,"23":1,"24":1,"25":1,"26":1,"27":0,"28":1},"f":{"0":1,"1":1,"2":1,"3":0,"4":1},"b":{},"_coverageSchema":"1a1c01bbd47fc00a2c39e90264f33305004495a9","hash":"bb9d4dd708344e0cd7c0e954544fa3718fa4a7a3"}
,"C:\\Users\\gokud.DESKTOP-9VK8G70\\OneDrive\\Desktop\\Coding\\sunakkered\\server\\database\\connect.js": {"path":"C:\\Users\\gokud.DESKTOP-9VK8G70\\OneDrive\\Desktop\\Coding\\sunakkered\\server\\database\\connect.js","statementMap":{"0":{"start":{"line":1,"column":17},"end":{"line":1,"column":30}},"1":{"start":{"line":4,"column":0},"end":{"line":13,"column":1}},"2":{"start":{"line":5,"column":4},"end":{"line":5,"column":26}},"3":{"start":{"line":6,"column":4},"end":{"line":8,"column":6}},"4":{"start":{"line":10,"column":4},"end":{"line":12,"column":6}},"5":{"start":{"line":16,"column":0},"end":{"line":16,"column":41}},"6":{"start":{"line":18,"column":0},"end":{"line":18,"column":20}}},"fnMap":{},"branchMap":{"0":{"loc":{"start":{"line":4,"column":0},"end":{"line":13,"column":1}},"type":"if","locations":[{"start":{"line":4,"column":0},"end":{"line":13,"column":1}},{"start":{"line":9,"column":7},"end":{"line":13,"column":1}}],"line":4}},"s":{"0":5,"1":5,"2":5,"3":5,"4":0,"5":5,"6":5},"f":{},"b":{"0":[5,0]},"_coverageSchema":"1a1c01bbd47fc00a2c39e90264f33305004495a9","hash":"7e84d1d4111bcb0cde83009978be6a38d0031dac"}
,"C:\\Users\\gokud.DESKTOP-9VK8G70\\OneDrive\\Desktop\\Coding\\sunakkered\\server\\models\\Complaint.js": {"path":"C:\\Users\\gokud.DESKTOP-9VK8G70\\OneDrive\\Desktop\\Coding\\sunakkered\\server\\models\\Complaint.js","statementMap":{"0":{"start":{"line":1,"column":11},"end":{"line":1,"column":41}},"1":{"start":{"line":7,"column":8},"end":{"line":7,"column":21}},"2":{"start":{"line":8,"column":8},"end":{"line":8,"column":45}},"3":{"start":{"line":9,"column":8},"end":{"line":9,"column":27}},"4":{"start":{"line":10,"column":8},"end":{"line":10,"column":39}},"5":{"start":{"line":11,"column":8},"end":{"line":11,"column":33}},"6":{"start":{"line":12,"column":8},"end":{"line":12,"column":33}},"7":{"start":{"line":13,"column":8},"end":{"line":13,"column":31}},"8":{"start":{"line":14,"column":8},"end":{"line":14,"column":35}},"9":{"start":{"line":15,"column":8},"end":{"line":15,"column":27}},"10":{"start":{"line":19,"column":25},"end":{"line":19,"column":67}},"11":{"start":{"line":20,"column":8},"end":{"line":22,"column":9}},"12":{"start":{"line":21,"column":12},"end":{"line":21,"column":54}},"13":{"start":{"line":23,"column":8},"end":{"line":23,"column":55}},"14":{"start":{"line":23,"column":38},"end":{"line":23,"column":54}},"15":{"start":{"line":27,"column":25},"end":{"line":27,"column":280}},"16":{"start":{"line":28,"column":8},"end":{"line":30,"column":9}},"17":{"start":{"line":29,"column":12},"end":{"line":29,"column":62}},"18":{"start":{"line":31,"column":8},"end":{"line":31,"column":55}},"19":{"start":{"line":31,"column":38},"end":{"line":31,"column":54}},"20":{"start":{"line":43,"column":25},"end":{"line":43,"column":88}},"21":{"start":{"line":44,"column":8},"end":{"line":46,"column":9}},"22":{"start":{"line":45,"column":12},"end":{"line":45,"column":56}},"23":{"start":{"line":47,"column":8},"end":{"line":47,"column":47}},"24":{"start":{"line":51,"column":117},"end":{"line":51,"column":121}},"25":{"start":{"line":52,"column":25},"end":{"line":52,"column":269}},"26":{"start":{"line":53,"column":29},"end":{"line":53,"column":48}},"27":{"start":{"line":54,"column":29},"end":{"line":54,"column":69}},"28":{"start":{"line":55,"column":8},"end":{"line":55,"column":28}},"29":{"start":{"line":59,"column":28},"end":{"line":59,"column":32}},"30":{"start":{"line":60,"column":25},"end":{"line":62,"column":9}},"31":{"start":{"line":63,"column":29},"end":{"line":63,"column":48}},"32":{"start":{"line":64,"column":29},"end":{"line":64,"column":69}},"33":{"start":{"line":65,"column":8},"end":{"line":65,"column":28}},"34":{"start":{"line":69,"column":25},"end":{"line":69,"column":103}},"35":{"start":{"line":70,"column":8},"end":{"line":72,"column":9}},"36":{"start":{"line":71,"column":12},"end":{"line":71,"column":58}},"37":{"start":{"line":73,"column":8},"end":{"line":73,"column":47}},"38":{"start":{"line":77,"column":25},"end":{"line":77,"column":93}},"39":{"start":{"line":78,"column":8},"end":{"line":80,"column":9}},"40":{"start":{"line":79,"column":12},"end":{"line":79,"column":56}},"41":{"start":{"line":81,"column":8},"end":{"line":81,"column":32}},"42":{"start":{"line":85,"column":25},"end":{"line":85,"column":126}},"43":{"start":{"line":86,"column":8},"end":{"line":88,"column":9}},"44":{"start":{"line":87,"column":12},"end":{"line":87,"column":56}},"45":{"start":{"line":89,"column":8},"end":{"line":89,"column":32}},"46":{"start":{"line":93,"column":25},"end":{"line":93,"column":109}},"47":{"start":{"line":94,"column":8},"end":{"line":96,"column":9}},"48":{"start":{"line":95,"column":12},"end":{"line":95,"column":49}},"49":{"start":{"line":97,"column":8},"end":{"line":97,"column":29}},"50":{"start":{"line":101,"column":25},"end":{"line":101,"column":148}},"51":{"start":{"line":103,"column":8},"end":{"line":103,"column":32}},"52":{"start":{"line":115,"column":0},"end":{"line":115,"column":27}}},"fnMap":{"0":{"name":"(anonymous_0)","decl":{"start":{"line":4,"column":4},"end":{"line":4,"column":5}},"loc":{"start":{"line":6,"column":7},"end":{"line":16,"column":5}},"line":6},"1":{"name":"(anonymous_1)","decl":{"start":{"line":18,"column":4},"end":{"line":18,"column":5}},"loc":{"start":{"line":18,"column":26},"end":{"line":24,"column":5}},"line":18},"2":{"name":"(anonymous_2)","decl":{"start":{"line":23,"column":33},"end":{"line":23,"column":34}},"loc":{"start":{"line":23,"column":38},"end":{"line":23,"column":54}},"line":23},"3":{"name":"(anonymous_3)","decl":{"start":{"line":26,"column":4},"end":{"line":26,"column":5}},"loc":{"start":{"line":26,"column":33},"end":{"line":32,"column":5}},"line":26},"4":{"name":"(anonymous_4)","decl":{"start":{"line":31,"column":33},"end":{"line":31,"column":34}},"loc":{"start":{"line":31,"column":38},"end":{"line":31,"column":54}},"line":31},"5":{"name":"(anonymous_5)","decl":{"start":{"line":42,"column":4},"end":{"line":42,"column":5}},"loc":{"start":{"line":42,"column":32},"end":{"line":48,"column":5}},"line":42},"6":{"name":"(anonymous_6)","decl":{"start":{"line":50,"column":4},"end":{"line":50,"column":5}},"loc":{"start":{"line":50,"column":30},"end":{"line":56,"column":5}},"line":50},"7":{"name":"(anonymous_7)","decl":{"start":{"line":58,"column":4},"end":{"line":58,"column":5}},"loc":{"start":{"line":58,"column":23},"end":{"line":66,"column":5}},"line":58},"8":{"name":"(anonymous_8)","decl":{"start":{"line":68,"column":4},"end":{"line":68,"column":5}},"loc":{"start":{"line":68,"column":20},"end":{"line":74,"column":5}},"line":68},"9":{"name":"(anonymous_9)","decl":{"start":{"line":76,"column":4},"end":{"line":76,"column":5}},"loc":{"start":{"line":76,"column":37},"end":{"line":82,"column":5}},"line":76},"10":{"name":"(anonymous_10)","decl":{"start":{"line":84,"column":4},"end":{"line":84,"column":5}},"loc":{"start":{"line":84,"column":30},"end":{"line":90,"column":5}},"line":84},"11":{"name":"(anonymous_11)","decl":{"start":{"line":92,"column":4},"end":{"line":92,"column":5}},"loc":{"start":{"line":92,"column":38},"end":{"line":98,"column":5}},"line":92},"12":{"name":"(anonymous_12)","decl":{"start":{"line":100,"column":4},"end":{"line":100,"column":5}},"loc":{"start":{"line":100,"column":55},"end":{"line":104,"column":5}},"line":100}},"branchMap":{"0":{"loc":{"start":{"line":20,"column":8},"end":{"line":22,"column":9}},"type":"if","locations":[{"start":{"line":20,"column":8},"end":{"line":22,"column":9}},{"start":{},"end":{}}],"line":20},"1":{"loc":{"start":{"line":28,"column":8},"end":{"line":30,"column":9}},"type":"if","locations":[{"start":{"line":28,"column":8},"end":{"line":30,"column":9}},{"start":{},"end":{}}],"line":28},"2":{"loc":{"start":{"line":44,"column":8},"end":{"line":46,"column":9}},"type":"if","locations":[{"start":{"line":44,"column":8},"end":{"line":46,"column":9}},{"start":{},"end":{}}],"line":44},"3":{"loc":{"start":{"line":51,"column":16},"end":{"line":51,"column":37}},"type":"default-arg","locations":[{"start":{"line":51,"column":33},"end":{"line":51,"column":37}}],"line":51},"4":{"loc":{"start":{"line":51,"column":79},"end":{"line":51,"column":94}},"type":"default-arg","locations":[{"start":{"line":51,"column":89},"end":{"line":51,"column":94}}],"line":51},"5":{"loc":{"start":{"line":51,"column":96},"end":{"line":51,"column":112}},"type":"default-arg","locations":[{"start":{"line":51,"column":108},"end":{"line":51,"column":112}}],"line":51},"6":{"loc":{"start":{"line":70,"column":8},"end":{"line":72,"column":9}},"type":"if","locations":[{"start":{"line":70,"column":8},"end":{"line":72,"column":9}},{"start":{},"end":{}}],"line":70},"7":{"loc":{"start":{"line":78,"column":8},"end":{"line":80,"column":9}},"type":"if","locations":[{"start":{"line":78,"column":8},"end":{"line":80,"column":9}},{"start":{},"end":{}}],"line":78},"8":{"loc":{"start":{"line":86,"column":8},"end":{"line":88,"column":9}},"type":"if","locations":[{"start":{"line":86,"column":8},"end":{"line":88,"column":9}},{"start":{},"end":{}}],"line":86},"9":{"loc":{"start":{"line":94,"column":8},"end":{"line":96,"column":9}},"type":"if","locations":[{"start":{"line":94,"column":8},"end":{"line":96,"column":9}},{"start":{},"end":{}}],"line":94}},"s":{"0":1,"1":5,"2":5,"3":5,"4":5,"5":5,"6":5,"7":5,"8":5,"9":5,"10":1,"11":1,"12":0,"13":1,"14":3,"15":0,"16":0,"17":0,"18":0,"19":0,"20":2,"21":2,"22":0,"23":2,"24":1,"25":1,"26":1,"27":1,"28":1,"29":0,"30":0,"31":0,"32":0,"33":0,"34":0,"35":0,"36":0,"37":0,"38":0,"39":0,"40":0,"41":0,"42":0,"43":0,"44":0,"45":0,"46":0,"47":0,"48":0,"49":0,"50":0,"51":0,"52":1},"f":{"0":5,"1":1,"2":3,"3":0,"4":0,"5":2,"6":1,"7":0,"8":0,"9":0,"10":0,"11":0,"12":0},"b":{"0":[0,1],"1":[0,0],"2":[0,2],"3":[0],"4":[1],"5":[0],"6":[0,0],"7":[0,0],"8":[0,0],"9":[0,0]},"_coverageSchema":"1a1c01bbd47fc00a2c39e90264f33305004495a9","hash":"24df4694d34b2dd6da3d8519ed0dffec0d1671c3"}
,"C:\\Users\\gokud.DESKTOP-9VK8G70\\OneDrive\\Desktop\\Coding\\sunakkered\\server\\models\\Event.js": {"path":"C:\\Users\\gokud.DESKTOP-9VK8G70\\OneDrive\\Desktop\\Coding\\sunakkered\\server\\models\\Event.js","statementMap":{"0":{"start":{"line":1,"column":11},"end":{"line":1,"column":41}},"1":{"start":{"line":8,"column":8},"end":{"line":8,"column":32}},"2":{"start":{"line":9,"column":8},"end":{"line":9,"column":36}},"3":{"start":{"line":11,"column":8},"end":{"line":11,"column":77}},"4":{"start":{"line":13,"column":8},"end":{"line":13,"column":48}},"5":{"start":{"line":14,"column":8},"end":{"line":14,"column":44}},"6":{"start":{"line":15,"column":8},"end":{"line":15,"column":50}},"7":{"start":{"line":16,"column":8},"end":{"line":16,"column":32}},"8":{"start":{"line":17,"column":8},"end":{"line":17,"column":32}},"9":{"start":{"line":18,"column":8},"end":{"line":18,"column":40}},"10":{"start":{"line":19,"column":8},"end":{"line":19,"column":44}},"11":{"start":{"line":20,"column":8},"end":{"line":20,"column":32}},"12":{"start":{"line":21,"column":8},"end":{"line":21,"column":42}},"13":{"start":{"line":22,"column":8},"end":{"line":22,"column":42}},"14":{"start":{"line":26,"column":25},"end":{"line":26,"column":63}},"15":{"start":{"line":27,"column":8},"end":{"line":29,"column":9}},"16":{"start":{"line":28,"column":12},"end":{"line":28,"column":50}},"17":{"start":{"line":30,"column":8},"end":{"line":30,"column":51}},"18":{"start":{"line":30,"column":38},"end":{"line":30,"column":50}},"19":{"start":{"line":34,"column":25},"end":{"line":34,"column":86}},"20":{"start":{"line":35,"column":8},"end":{"line":37,"column":9}},"21":{"start":{"line":36,"column":12},"end":{"line":36,"column":50}},"22":{"start":{"line":38,"column":8},"end":{"line":38,"column":51}},"23":{"start":{"line":38,"column":38},"end":{"line":38,"column":50}},"24":{"start":{"line":43,"column":25},"end":{"line":43,"column":90}},"25":{"start":{"line":44,"column":8},"end":{"line":46,"column":9}},"26":{"start":{"line":45,"column":12},"end":{"line":45,"column":52}},"27":{"start":{"line":47,"column":8},"end":{"line":47,"column":43}},"28":{"start":{"line":59,"column":25},"end":{"line":59,"column":126}},"29":{"start":{"line":60,"column":8},"end":{"line":62,"column":9}},"30":{"start":{"line":61,"column":12},"end":{"line":61,"column":46}},"31":{"start":{"line":63,"column":8},"end":{"line":63,"column":51}},"32":{"start":{"line":63,"column":38},"end":{"line":63,"column":50}},"33":{"start":{"line":67,"column":25},"end":{"line":67,"column":116}},"34":{"start":{"line":68,"column":8},"end":{"line":70,"column":9}},"35":{"start":{"line":69,"column":12},"end":{"line":69,"column":50}},"36":{"start":{"line":71,"column":8},"end":{"line":71,"column":51}},"37":{"start":{"line":71,"column":38},"end":{"line":71,"column":50}},"38":{"start":{"line":75,"column":196},"end":{"line":75,"column":200}},"39":{"start":{"line":76,"column":25},"end":{"line":76,"column":424}},"40":{"start":{"line":77,"column":24},"end":{"line":77,"column":49}},"41":{"start":{"line":78,"column":25},"end":{"line":78,"column":61}},"42":{"start":{"line":79,"column":8},"end":{"line":79,"column":24}},"43":{"start":{"line":84,"column":377},"end":{"line":84,"column":381}},"44":{"start":{"line":86,"column":25},"end":{"line":89,"column":9}},"45":{"start":{"line":90,"column":24},"end":{"line":90,"column":49}},"46":{"start":{"line":91,"column":25},"end":{"line":91,"column":61}},"47":{"start":{"line":92,"column":8},"end":{"line":92,"column":24}},"48":{"start":{"line":106,"column":0},"end":{"line":106,"column":23}}},"fnMap":{"0":{"name":"(anonymous_0)","decl":{"start":{"line":4,"column":4},"end":{"line":4,"column":5}},"loc":{"start":{"line":7,"column":7},"end":{"line":23,"column":5}},"line":7},"1":{"name":"(anonymous_1)","decl":{"start":{"line":25,"column":4},"end":{"line":25,"column":5}},"loc":{"start":{"line":25,"column":26},"end":{"line":31,"column":5}},"line":25},"2":{"name":"(anonymous_2)","decl":{"start":{"line":30,"column":33},"end":{"line":30,"column":34}},"loc":{"start":{"line":30,"column":38},"end":{"line":30,"column":50}},"line":30},"3":{"name":"(anonymous_3)","decl":{"start":{"line":33,"column":4},"end":{"line":33,"column":5}},"loc":{"start":{"line":33,"column":33},"end":{"line":39,"column":5}},"line":33},"4":{"name":"(anonymous_4)","decl":{"start":{"line":38,"column":33},"end":{"line":38,"column":34}},"loc":{"start":{"line":38,"column":38},"end":{"line":38,"column":50}},"line":38},"5":{"name":"(anonymous_5)","decl":{"start":{"line":42,"column":4},"end":{"line":42,"column":5}},"loc":{"start":{"line":42,"column":37},"end":{"line":48,"column":5}},"line":42},"6":{"name":"(anonymous_6)","decl":{"start":{"line":58,"column":4},"end":{"line":58,"column":5}},"loc":{"start":{"line":58,"column":53},"end":{"line":64,"column":5}},"line":58},"7":{"name":"(anonymous_7)","decl":{"start":{"line":63,"column":33},"end":{"line":63,"column":34}},"loc":{"start":{"line":63,"column":38},"end":{"line":63,"column":50}},"line":63},"8":{"name":"(anonymous_8)","decl":{"start":{"line":66,"column":4},"end":{"line":66,"column":5}},"loc":{"start":{"line":66,"column":51},"end":{"line":72,"column":5}},"line":66},"9":{"name":"(anonymous_9)","decl":{"start":{"line":71,"column":33},"end":{"line":71,"column":34}},"loc":{"start":{"line":71,"column":38},"end":{"line":71,"column":50}},"line":71},"10":{"name":"(anonymous_10)","decl":{"start":{"line":74,"column":4},"end":{"line":74,"column":5}},"loc":{"start":{"line":74,"column":30},"end":{"line":80,"column":5}},"line":74},"11":{"name":"(anonymous_11)","decl":{"start":{"line":82,"column":4},"end":{"line":82,"column":5}},"loc":{"start":{"line":82,"column":23},"end":{"line":93,"column":5}},"line":82}},"branchMap":{"0":{"loc":{"start":{"line":27,"column":8},"end":{"line":29,"column":9}},"type":"if","locations":[{"start":{"line":27,"column":8},"end":{"line":29,"column":9}},{"start":{},"end":{}}],"line":27},"1":{"loc":{"start":{"line":35,"column":8},"end":{"line":37,"column":9}},"type":"if","locations":[{"start":{"line":35,"column":8},"end":{"line":37,"column":9}},{"start":{},"end":{}}],"line":35},"2":{"loc":{"start":{"line":44,"column":8},"end":{"line":46,"column":9}},"type":"if","locations":[{"start":{"line":44,"column":8},"end":{"line":46,"column":9}},{"start":{},"end":{}}],"line":44},"3":{"loc":{"start":{"line":60,"column":8},"end":{"line":62,"column":9}},"type":"if","locations":[{"start":{"line":60,"column":8},"end":{"line":62,"column":9}},{"start":{},"end":{}}],"line":60},"4":{"loc":{"start":{"line":68,"column":8},"end":{"line":70,"column":9}},"type":"if","locations":[{"start":{"line":68,"column":8},"end":{"line":70,"column":9}},{"start":{},"end":{}}],"line":68},"5":{"loc":{"start":{"line":75,"column":115},"end":{"line":75,"column":130}},"type":"default-arg","locations":[{"start":{"line":75,"column":126},"end":{"line":75,"column":130}}],"line":75},"6":{"loc":{"start":{"line":75,"column":132},"end":{"line":75,"column":147}},"type":"default-arg","locations":[{"start":{"line":75,"column":143},"end":{"line":75,"column":147}}],"line":75},"7":{"loc":{"start":{"line":75,"column":149},"end":{"line":75,"column":168}},"type":"default-arg","locations":[{"start":{"line":75,"column":164},"end":{"line":75,"column":168}}],"line":75},"8":{"loc":{"start":{"line":75,"column":170},"end":{"line":75,"column":191}},"type":"default-arg","locations":[{"start":{"line":75,"column":187},"end":{"line":75,"column":191}}],"line":75},"9":{"loc":{"start":{"line":84,"column":16},"end":{"line":84,"column":44}},"type":"default-arg","locations":[{"start":{"line":84,"column":29},"end":{"line":84,"column":44}}],"line":84},"10":{"loc":{"start":{"line":84,"column":46},"end":{"line":84,"column":86}},"type":"default-arg","locations":[{"start":{"line":84,"column":65},"end":{"line":84,"column":86}}],"line":84},"11":{"loc":{"start":{"line":84,"column":88},"end":{"line":84,"column":128}},"type":"default-arg","locations":[{"start":{"line":84,"column":107},"end":{"line":84,"column":128}}],"line":84},"12":{"loc":{"start":{"line":84,"column":130},"end":{"line":84,"column":166}},"type":"default-arg","locations":[{"start":{"line":84,"column":147},"end":{"line":84,"column":166}}],"line":84},"13":{"loc":{"start":{"line":84,"column":168},"end":{"line":84,"column":204}},"type":"default-arg","locations":[{"start":{"line":84,"column":185},"end":{"line":84,"column":204}}],"line":84},"14":{"loc":{"start":{"line":84,"column":206},"end":{"line":84,"column":248}},"type":"default-arg","locations":[{"start":{"line":84,"column":226},"end":{"line":84,"column":248}}],"line":84},"15":{"loc":{"start":{"line":84,"column":250},"end":{"line":84,"column":274}},"type":"default-arg","locations":[{"start":{"line":84,"column":261},"end":{"line":84,"column":274}}],"line":84},"16":{"loc":{"start":{"line":84,"column":276},"end":{"line":84,"column":300}},"type":"default-arg","locations":[{"start":{"line":84,"column":287},"end":{"line":84,"column":300}}],"line":84},"17":{"loc":{"start":{"line":84,"column":302},"end":{"line":84,"column":334}},"type":"default-arg","locations":[{"start":{"line":84,"column":317},"end":{"line":84,"column":334}}],"line":84},"18":{"loc":{"start":{"line":84,"column":336},"end":{"line":84,"column":372}},"type":"default-arg","locations":[{"start":{"line":84,"column":353},"end":{"line":84,"column":372}}],"line":84}},"s":{"0":1,"1":3,"2":3,"3":3,"4":0,"5":0,"6":0,"7":0,"8":0,"9":0,"10":0,"11":0,"12":0,"13":0,"14":1,"15":1,"16":0,"17":1,"18":1,"19":0,"20":0,"21":0,"22":0,"23":0,"24":2,"25":2,"26":0,"27":2,"28":0,"29":0,"30":0,"31":0,"32":0,"33":0,"34":0,"35":0,"36":0,"37":0,"38":1,"39":1,"40":1,"41":1,"42":0,"43":0,"44":0,"45":0,"46":0,"47":0,"48":1},"f":{"0":3,"1":1,"2":1,"3":0,"4":0,"5":2,"6":0,"7":0,"8":0,"9":0,"10":1,"11":0},"b":{"0":[0,1],"1":[0,0],"2":[0,2],"3":[0,0],"4":[0,0],"5":[0],"6":[0],"7":[0],"8":[0],"9":[0],"10":[0],"11":[0],"12":[0],"13":[0],"14":[0],"15":[0],"16":[0],"17":[0],"18":[0]},"_coverageSchema":"1a1c01bbd47fc00a2c39e90264f33305004495a9","hash":"5feccc85a5fd67d6f104683bdc44df355ee1f7aa"}
,"C:\\Users\\gokud.DESKTOP-9VK8G70\\OneDrive\\Desktop\\Coding\\sunakkered\\server\\models\\Participate.js": {"path":"C:\\Users\\gokud.DESKTOP-9VK8G70\\OneDrive\\Desktop\\Coding\\sunakkered\\server\\models\\Participate.js","statementMap":{"0":{"start":{"line":1,"column":11},"end":{"line":1,"column":41}},"1":{"start":{"line":6,"column":8},"end":{"line":6,"column":33}},"2":{"start":{"line":7,"column":8},"end":{"line":7,"column":37}},"3":{"start":{"line":8,"column":8},"end":{"line":8,"column":35}},"4":{"start":{"line":9,"column":8},"end":{"line":9,"column":41}},"5":{"start":{"line":14,"column":25},"end":{"line":14,"column":92}},"6":{"start":{"line":15,"column":8},"end":{"line":17,"column":9}},"7":{"start":{"line":16,"column":12},"end":{"line":16,"column":52}},"8":{"start":{"line":18,"column":8},"end":{"line":18,"column":58}},"9":{"start":{"line":18,"column":38},"end":{"line":18,"column":56}},"10":{"start":{"line":22,"column":25},"end":{"line":22,"column":101}},"11":{"start":{"line":23,"column":8},"end":{"line":25,"column":9}},"12":{"start":{"line":24,"column":12},"end":{"line":24,"column":60}},"13":{"start":{"line":26,"column":8},"end":{"line":26,"column":49}},"14":{"start":{"line":30,"column":56},"end":{"line":30,"column":60}},"15":{"start":{"line":31,"column":25},"end":{"line":31,"column":177}},"16":{"start":{"line":32,"column":30},"end":{"line":32,"column":61}},"17":{"start":{"line":33,"column":31},"end":{"line":33,"column":85}},"18":{"start":{"line":34,"column":8},"end":{"line":34,"column":29}},"19":{"start":{"line":38,"column":56},"end":{"line":38,"column":60}},"20":{"start":{"line":39,"column":25},"end":{"line":39,"column":205}},"21":{"start":{"line":40,"column":30},"end":{"line":40,"column":61}},"22":{"start":{"line":41,"column":31},"end":{"line":41,"column":85}},"23":{"start":{"line":42,"column":8},"end":{"line":42,"column":29}},"24":{"start":{"line":46,"column":25},"end":{"line":46,"column":116}},"25":{"start":{"line":47,"column":8},"end":{"line":49,"column":9}},"26":{"start":{"line":48,"column":12},"end":{"line":48,"column":60}},"27":{"start":{"line":50,"column":8},"end":{"line":50,"column":49}},"28":{"start":{"line":55,"column":0},"end":{"line":55,"column":29}}},"fnMap":{"0":{"name":"(anonymous_0)","decl":{"start":{"line":5,"column":4},"end":{"line":5,"column":5}},"loc":{"start":{"line":5,"column":74},"end":{"line":10,"column":5}},"line":5},"1":{"name":"(anonymous_1)","decl":{"start":{"line":13,"column":4},"end":{"line":13,"column":5}},"loc":{"start":{"line":13,"column":26},"end":{"line":19,"column":5}},"line":13},"2":{"name":"(anonymous_2)","decl":{"start":{"line":18,"column":33},"end":{"line":18,"column":34}},"loc":{"start":{"line":18,"column":38},"end":{"line":18,"column":56}},"line":18},"3":{"name":"(anonymous_3)","decl":{"start":{"line":21,"column":4},"end":{"line":21,"column":5}},"loc":{"start":{"line":21,"column":43},"end":{"line":27,"column":5}},"line":21},"4":{"name":"(anonymous_4)","decl":{"start":{"line":29,"column":4},"end":{"line":29,"column":5}},"loc":{"start":{"line":29,"column":30},"end":{"line":35,"column":5}},"line":29},"5":{"name":"(anonymous_5)","decl":{"start":{"line":37,"column":4},"end":{"line":37,"column":5}},"loc":{"start":{"line":37,"column":23},"end":{"line":43,"column":5}},"line":37},"6":{"name":"(anonymous_6)","decl":{"start":{"line":45,"column":4},"end":{"line":45,"column":5}},"loc":{"start":{"line":45,"column":20},"end":{"line":51,"column":5}},"line":45}},"branchMap":{"0":{"loc":{"start":{"line":15,"column":8},"end":{"line":17,"column":9}},"type":"if","locations":[{"start":{"line":15,"column":8},"end":{"line":17,"column":9}},{"start":{},"end":{}}],"line":15},"1":{"loc":{"start":{"line":23,"column":8},"end":{"line":25,"column":9}},"type":"if","locations":[{"start":{"line":23,"column":8},"end":{"line":25,"column":9}},{"start":{},"end":{}}],"line":23},"2":{"loc":{"start":{"line":47,"column":8},"end":{"line":49,"column":9}},"type":"if","locations":[{"start":{"line":47,"column":8},"end":{"line":49,"column":9}},{"start":{},"end":{}}],"line":47}},"s":{"0":2,"1":8,"2":8,"3":8,"4":8,"5":1,"6":1,"7":0,"8":1,"9":3,"10":2,"11":2,"12":0,"13":2,"14":1,"15":1,"16":1,"17":1,"18":1,"19":0,"20":0,"21":0,"22":0,"23":0,"24":0,"25":0,"26":0,"27":0,"28":2},"f":{"0":8,"1":1,"2":3,"3":2,"4":1,"5":0,"6":0},"b":{"0":[0,1],"1":[0,2],"2":[0,0]},"_coverageSchema":"1a1c01bbd47fc00a2c39e90264f33305004495a9","hash":"3071a7e13402ffc32e1f426bfba6842e4af47dcb"}
,"C:\\Users\\gokud.DESKTOP-9VK8G70\\OneDrive\\Desktop\\Coding\\sunakkered\\server\\models\\User.js": {"path":"C:\\Users\\gokud.DESKTOP-9VK8G70\\OneDrive\\Desktop\\Coding\\sunakkered\\server\\models\\User.js","statementMap":{"0":{"start":{"line":1,"column":11},"end":{"line":1,"column":41}},"1":{"start":{"line":6,"column":8},"end":{"line":6,"column":27}},"2":{"start":{"line":7,"column":8},"end":{"line":7,"column":29}},"3":{"start":{"line":8,"column":8},"end":{"line":8,"column":37}},"4":{"start":{"line":9,"column":8},"end":{"line":9,"column":35}},"5":{"start":{"line":10,"column":8},"end":{"line":10,"column":41}},"6":{"start":{"line":11,"column":8},"end":{"line":11,"column":27}},"7":{"start":{"line":12,"column":8},"end":{"line":12,"column":31}},"8":{"start":{"line":13,"column":8},"end":{"line":13,"column":31}},"9":{"start":{"line":14,"column":8},"end":{"line":14,"column":33}},"10":{"start":{"line":15,"column":8},"end":{"line":15,"column":35}},"11":{"start":{"line":20,"column":25},"end":{"line":20,"column":80}},"12":{"start":{"line":21,"column":8},"end":{"line":23,"column":9}},"13":{"start":{"line":22,"column":12},"end":{"line":22,"column":47}},"14":{"start":{"line":24,"column":8},"end":{"line":24,"column":51}},"15":{"start":{"line":24,"column":38},"end":{"line":24,"column":49}},"16":{"start":{"line":28,"column":25},"end":{"line":28,"column":89}},"17":{"start":{"line":29,"column":8},"end":{"line":31,"column":9}},"18":{"start":{"line":30,"column":12},"end":{"line":30,"column":53}},"19":{"start":{"line":32,"column":8},"end":{"line":32,"column":42}},"20":{"start":{"line":36,"column":25},"end":{"line":36,"column":94}},"21":{"start":{"line":37,"column":8},"end":{"line":39,"column":9}},"22":{"start":{"line":38,"column":12},"end":{"line":38,"column":54}},"23":{"start":{"line":40,"column":8},"end":{"line":40,"column":42}},"24":{"start":{"line":44,"column":112},"end":{"line":44,"column":116}},"25":{"start":{"line":45,"column":25},"end":{"line":45,"column":308}},"26":{"start":{"line":46,"column":23},"end":{"line":46,"column":48}},"27":{"start":{"line":47,"column":24},"end":{"line":47,"column":57}},"28":{"start":{"line":48,"column":8},"end":{"line":48,"column":22}},"29":{"start":{"line":52,"column":113},"end":{"line":52,"column":117}},"30":{"start":{"line":53,"column":25},"end":{"line":53,"column":335}},"31":{"start":{"line":54,"column":23},"end":{"line":54,"column":48}},"32":{"start":{"line":55,"column":24},"end":{"line":55,"column":57}},"33":{"start":{"line":56,"column":8},"end":{"line":56,"column":22}},"34":{"start":{"line":60,"column":25},"end":{"line":60,"column":105}},"35":{"start":{"line":61,"column":8},"end":{"line":63,"column":9}},"36":{"start":{"line":62,"column":12},"end":{"line":62,"column":53}},"37":{"start":{"line":64,"column":8},"end":{"line":64,"column":42}},"38":{"start":{"line":69,"column":0},"end":{"line":69,"column":22}}},"fnMap":{"0":{"name":"(anonymous_0)","decl":{"start":{"line":5,"column":4},"end":{"line":5,"column":5}},"loc":{"start":{"line":5,"column":122},"end":{"line":16,"column":5}},"line":5},"1":{"name":"(anonymous_1)","decl":{"start":{"line":19,"column":4},"end":{"line":19,"column":5}},"loc":{"start":{"line":19,"column":26},"end":{"line":25,"column":5}},"line":19},"2":{"name":"(anonymous_2)","decl":{"start":{"line":24,"column":33},"end":{"line":24,"column":34}},"loc":{"start":{"line":24,"column":38},"end":{"line":24,"column":49}},"line":24},"3":{"name":"(anonymous_3)","decl":{"start":{"line":27,"column":4},"end":{"line":27,"column":5}},"loc":{"start":{"line":27,"column":36},"end":{"line":33,"column":5}},"line":27},"4":{"name":"(anonymous_4)","decl":{"start":{"line":35,"column":4},"end":{"line":35,"column":5}},"loc":{"start":{"line":35,"column":44},"end":{"line":41,"column":5}},"line":35},"5":{"name":"(anonymous_5)","decl":{"start":{"line":43,"column":4},"end":{"line":43,"column":5}},"loc":{"start":{"line":43,"column":30},"end":{"line":49,"column":5}},"line":43},"6":{"name":"(anonymous_6)","decl":{"start":{"line":51,"column":4},"end":{"line":51,"column":5}},"loc":{"start":{"line":51,"column":23},"end":{"line":57,"column":5}},"line":51},"7":{"name":"(anonymous_7)","decl":{"start":{"line":59,"column":4},"end":{"line":59,"column":5}},"loc":{"start":{"line":59,"column":20},"end":{"line":65,"column":5}},"line":59}},"branchMap":{"0":{"loc":{"start":{"line":21,"column":8},"end":{"line":23,"column":9}},"type":"if","locations":[{"start":{"line":21,"column":8},"end":{"line":23,"column":9}},{"start":{},"end":{}}],"line":21},"1":{"loc":{"start":{"line":29,"column":8},"end":{"line":31,"column":9}},"type":"if","locations":[{"start":{"line":29,"column":8},"end":{"line":31,"column":9}},{"start":{},"end":{}}],"line":29},"2":{"loc":{"start":{"line":37,"column":8},"end":{"line":39,"column":9}},"type":"if","locations":[{"start":{"line":37,"column":8},"end":{"line":39,"column":9}},{"start":{},"end":{}}],"line":37},"3":{"loc":{"start":{"line":61,"column":8},"end":{"line":63,"column":9}},"type":"if","locations":[{"start":{"line":61,"column":8},"end":{"line":63,"column":9}},{"start":{},"end":{}}],"line":61}},"s":{"0":1,"1":5,"2":5,"3":5,"4":5,"5":5,"6":5,"7":5,"8":5,"9":5,"10":5,"11":1,"12":1,"13":0,"14":1,"15":3,"16":1,"17":1,"18":0,"19":1,"20":1,"21":1,"22":0,"23":1,"24":1,"25":1,"26":1,"27":1,"28":1,"29":0,"30":0,"31":0,"32":0,"33":0,"34":0,"35":0,"36":0,"37":0,"38":1},"f":{"0":5,"1":1,"2":3,"3":1,"4":1,"5":1,"6":0,"7":0},"b":{"0":[0,1],"1":[0,1],"2":[0,1],"3":[0,0]},"_coverageSchema":"1a1c01bbd47fc00a2c39e90264f33305004495a9","hash":"cd622eb470fee0d00f1ceb98e4bf0d0a5d70186c"}
}
