{"C:\\Users\\gokud.DESKTOP-9VK8G70\\OneDrive\\Desktop\\Coding\\sunakkered\\server\\controllers\\users.js": {"path":"C:\\Users\\gokud.DESKTOP-9VK8G70\\OneDrive\\Desktop\\Coding\\sunakkered\\server\\controllers\\users.js","statementMap":{"0":{"start":{"line":1,"column":15},"end":{"line":1,"column":32}},"1":{"start":{"line":3,"column":13},"end":{"line":3,"column":38}},"2":{"start":{"line":4,"column":14},"end":{"line":4,"column":40}},"3":{"start":{"line":8,"column":4},"end":{"line":22,"column":5}},"4":{"start":{"line":9,"column":21},"end":{"line":9,"column":29}},"5":{"start":{"line":12,"column":21},"end":{"line":12,"column":83}},"6":{"start":{"line":15,"column":8},"end":{"line":15,"column":69}},"7":{"start":{"line":17,"column":23},"end":{"line":17,"column":46}},"8":{"start":{"line":19,"column":8},"end":{"line":19,"column":37}},"9":{"start":{"line":21,"column":8},"end":{"line":21,"column":52}},"10":{"start":{"line":26,"column":17},"end":{"line":26,"column":25}},"11":{"start":{"line":27,"column":4},"end":{"line":41,"column":5}},"12":{"start":{"line":28,"column":21},"end":{"line":28,"column":63}},"13":{"start":{"line":29,"column":8},"end":{"line":29,"column":33}},"14":{"start":{"line":30,"column":30},"end":{"line":30,"column":83}},"15":{"start":{"line":31,"column":8},"end":{"line":31,"column":53}},"16":{"start":{"line":32,"column":8},"end":{"line":37,"column":9}},"17":{"start":{"line":33,"column":12},"end":{"line":33,"column":54}},"18":{"start":{"line":35,"column":26},"end":{"line":35,"column":53}},"19":{"start":{"line":36,"column":12},"end":{"line":36,"column":78}},"20":{"start":{"line":40,"column":8},"end":{"line":40,"column":52}},"21":{"start":{"line":45,"column":4},"end":{"line":50,"column":5}},"22":{"start":{"line":46,"column":22},"end":{"line":46,"column":41}},"23":{"start":{"line":47,"column":8},"end":{"line":47,"column":36}},"24":{"start":{"line":49,"column":8},"end":{"line":49,"column":54}},"25":{"start":{"line":54,"column":4},"end":{"line":60,"column":5}},"26":{"start":{"line":55,"column":19},"end":{"line":55,"column":42}},"27":{"start":{"line":56,"column":21},"end":{"line":56,"column":50}},"28":{"start":{"line":57,"column":8},"end":{"line":57,"column":35}},"29":{"start":{"line":59,"column":8},"end":{"line":59,"column":54}},"30":{"start":{"line":64,"column":4},"end":{"line":70,"column":5}},"31":{"start":{"line":65,"column":21},"end":{"line":65,"column":29}},"32":{"start":{"line":66,"column":24},"end":{"line":66,"column":47}},"33":{"start":{"line":67,"column":8},"end":{"line":67,"column":38}},"34":{"start":{"line":69,"column":8},"end":{"line":69,"column":55}},"35":{"start":{"line":74,"column":4},"end":{"line":82,"column":5}},"36":{"start":{"line":75,"column":21},"end":{"line":75,"column":29}},"37":{"start":{"line":76,"column":19},"end":{"line":76,"column":32}},"38":{"start":{"line":77,"column":21},"end":{"line":77,"column":50}},"39":{"start":{"line":78,"column":23},"end":{"line":78,"column":46}},"40":{"start":{"line":79,"column":8},"end":{"line":79,"column":37}},"41":{"start":{"line":81,"column":8},"end":{"line":81,"column":54}},"42":{"start":{"line":86,"column":4},"end":{"line":93,"column":5}},"43":{"start":{"line":87,"column":19},"end":{"line":87,"column":32}},"44":{"start":{"line":88,"column":21},"end":{"line":88,"column":50}},"45":{"start":{"line":89,"column":23},"end":{"line":89,"column":43}},"46":{"start":{"line":90,"column":8},"end":{"line":90,"column":37}},"47":{"start":{"line":92,"column":8},"end":{"line":92,"column":54}},"48":{"start":{"line":98,"column":4},"end":{"line":105,"column":5}},"49":{"start":{"line":99,"column":22},"end":{"line":99,"column":39}},"50":{"start":{"line":100,"column":25},"end":{"line":100,"column":57}},"51":{"start":{"line":101,"column":25},"end":{"line":101,"column":50}},"52":{"start":{"line":102,"column":8},"end":{"line":102,"column":55}},"53":{"start":{"line":104,"column":8},"end":{"line":104,"column":56}},"54":{"start":{"line":109,"column":0},"end":{"line":111,"column":1}}},"fnMap":{"0":{"name":"register","decl":{"start":{"line":7,"column":15},"end":{"line":7,"column":23}},"loc":{"start":{"line":7,"column":35},"end":{"line":23,"column":1}},"line":7},"1":{"name":"login","decl":{"start":{"line":25,"column":15},"end":{"line":25,"column":20}},"loc":{"start":{"line":25,"column":32},"end":{"line":42,"column":1}},"line":25},"2":{"name":"index","decl":{"start":{"line":44,"column":15},"end":{"line":44,"column":20}},"loc":{"start":{"line":44,"column":31},"end":{"line":51,"column":1}},"line":44},"3":{"name":"show","decl":{"start":{"line":53,"column":15},"end":{"line":53,"column":19}},"loc":{"start":{"line":53,"column":30},"end":{"line":61,"column":1}},"line":53},"4":{"name":"create","decl":{"start":{"line":63,"column":15},"end":{"line":63,"column":21}},"loc":{"start":{"line":63,"column":33},"end":{"line":71,"column":1}},"line":63},"5":{"name":"update","decl":{"start":{"line":73,"column":15},"end":{"line":73,"column":21}},"loc":{"start":{"line":73,"column":33},"end":{"line":83,"column":1}},"line":73},"6":{"name":"destroy","decl":{"start":{"line":85,"column":15},"end":{"line":85,"column":22}},"loc":{"start":{"line":85,"column":34},"end":{"line":94,"column":1}},"line":85},"7":{"name":"getId","decl":{"start":{"line":97,"column":15},"end":{"line":97,"column":20}},"loc":{"start":{"line":97,"column":31},"end":{"line":106,"column":1}},"line":97}},"branchMap":{"0":{"loc":{"start":{"line":32,"column":8},"end":{"line":37,"column":9}},"type":"if","locations":[{"start":{"line":32,"column":8},"end":{"line":37,"column":9}},{"start":{"line":34,"column":15},"end":{"line":37,"column":9}}],"line":32}},"s":{"0":1,"1":1,"2":1,"3":0,"4":0,"5":0,"6":0,"7":0,"8":0,"9":0,"10":0,"11":0,"12":0,"13":0,"14":0,"15":0,"16":0,"17":0,"18":0,"19":0,"20":0,"21":1,"22":1,"23":1,"24":0,"25":1,"26":1,"27":1,"28":0,"29":1,"30":1,"31":1,"32":1,"33":1,"34":0,"35":0,"36":0,"37":0,"38":0,"39":0,"40":0,"41":0,"42":1,"43":1,"44":1,"45":0,"46":0,"47":1,"48":0,"49":0,"50":0,"51":0,"52":0,"53":0,"54":1},"f":{"0":0,"1":0,"2":1,"3":1,"4":1,"5":0,"6":1,"7":0},"b":{"0":[0,0]},"_coverageSchema":"1a1c01bbd47fc00a2c39e90264f33305004495a9","hash":"e5c55172173d8ad0fa76595b20981b9687e6036b"}
,"C:\\Users\\gokud.DESKTOP-9VK8G70\\OneDrive\\Desktop\\Coding\\sunakkered\\server\\database\\connect.js": {"path":"C:\\Users\\gokud.DESKTOP-9VK8G70\\OneDrive\\Desktop\\Coding\\sunakkered\\server\\database\\connect.js","statementMap":{"0":{"start":{"line":1,"column":17},"end":{"line":1,"column":30}},"1":{"start":{"line":4,"column":0},"end":{"line":13,"column":1}},"2":{"start":{"line":5,"column":4},"end":{"line":5,"column":26}},"3":{"start":{"line":6,"column":4},"end":{"line":8,"column":6}},"4":{"start":{"line":10,"column":4},"end":{"line":12,"column":6}},"5":{"start":{"line":16,"column":0},"end":{"line":16,"column":41}},"6":{"start":{"line":18,"column":0},"end":{"line":18,"column":20}}},"fnMap":{},"branchMap":{"0":{"loc":{"start":{"line":4,"column":0},"end":{"line":13,"column":1}},"type":"if","locations":[{"start":{"line":4,"column":0},"end":{"line":13,"column":1}},{"start":{"line":9,"column":7},"end":{"line":13,"column":1}}],"line":4}},"s":{"0":2,"1":2,"2":2,"3":2,"4":0,"5":2,"6":2},"f":{},"b":{"0":[2,0]},"_coverageSchema":"1a1c01bbd47fc00a2c39e90264f33305004495a9","hash":"7e84d1d4111bcb0cde83009978be6a38d0031dac"}
,"C:\\Users\\gokud.DESKTOP-9VK8G70\\OneDrive\\Desktop\\Coding\\sunakkered\\server\\models\\User.js": {"path":"C:\\Users\\gokud.DESKTOP-9VK8G70\\OneDrive\\Desktop\\Coding\\sunakkered\\server\\models\\User.js","statementMap":{"0":{"start":{"line":1,"column":11},"end":{"line":1,"column":41}},"1":{"start":{"line":6,"column":8},"end":{"line":6,"column":27}},"2":{"start":{"line":7,"column":8},"end":{"line":7,"column":29}},"3":{"start":{"line":8,"column":8},"end":{"line":8,"column":37}},"4":{"start":{"line":9,"column":8},"end":{"line":9,"column":35}},"5":{"start":{"line":10,"column":8},"end":{"line":10,"column":41}},"6":{"start":{"line":11,"column":8},"end":{"line":11,"column":27}},"7":{"start":{"line":12,"column":8},"end":{"line":12,"column":31}},"8":{"start":{"line":13,"column":8},"end":{"line":13,"column":31}},"9":{"start":{"line":14,"column":8},"end":{"line":14,"column":33}},"10":{"start":{"line":15,"column":8},"end":{"line":15,"column":35}},"11":{"start":{"line":20,"column":25},"end":{"line":20,"column":80}},"12":{"start":{"line":21,"column":8},"end":{"line":23,"column":9}},"13":{"start":{"line":22,"column":12},"end":{"line":22,"column":47}},"14":{"start":{"line":24,"column":8},"end":{"line":24,"column":51}},"15":{"start":{"line":24,"column":38},"end":{"line":24,"column":49}},"16":{"start":{"line":28,"column":25},"end":{"line":28,"column":89}},"17":{"start":{"line":29,"column":8},"end":{"line":31,"column":9}},"18":{"start":{"line":30,"column":12},"end":{"line":30,"column":53}},"19":{"start":{"line":32,"column":8},"end":{"line":32,"column":42}},"20":{"start":{"line":36,"column":25},"end":{"line":36,"column":94}},"21":{"start":{"line":37,"column":8},"end":{"line":39,"column":9}},"22":{"start":{"line":38,"column":12},"end":{"line":38,"column":54}},"23":{"start":{"line":40,"column":8},"end":{"line":40,"column":42}},"24":{"start":{"line":44,"column":112},"end":{"line":44,"column":116}},"25":{"start":{"line":45,"column":25},"end":{"line":45,"column":308}},"26":{"start":{"line":46,"column":23},"end":{"line":46,"column":48}},"27":{"start":{"line":47,"column":24},"end":{"line":47,"column":57}},"28":{"start":{"line":48,"column":8},"end":{"line":48,"column":22}},"29":{"start":{"line":52,"column":113},"end":{"line":52,"column":117}},"30":{"start":{"line":53,"column":25},"end":{"line":53,"column":335}},"31":{"start":{"line":54,"column":23},"end":{"line":54,"column":48}},"32":{"start":{"line":55,"column":24},"end":{"line":55,"column":57}},"33":{"start":{"line":56,"column":8},"end":{"line":56,"column":22}},"34":{"start":{"line":60,"column":25},"end":{"line":60,"column":105}},"35":{"start":{"line":61,"column":8},"end":{"line":63,"column":9}},"36":{"start":{"line":62,"column":12},"end":{"line":62,"column":53}},"37":{"start":{"line":64,"column":8},"end":{"line":64,"column":42}},"38":{"start":{"line":69,"column":0},"end":{"line":69,"column":22}}},"fnMap":{"0":{"name":"(anonymous_0)","decl":{"start":{"line":5,"column":4},"end":{"line":5,"column":5}},"loc":{"start":{"line":5,"column":122},"end":{"line":16,"column":5}},"line":5},"1":{"name":"(anonymous_1)","decl":{"start":{"line":19,"column":4},"end":{"line":19,"column":5}},"loc":{"start":{"line":19,"column":26},"end":{"line":25,"column":5}},"line":19},"2":{"name":"(anonymous_2)","decl":{"start":{"line":24,"column":33},"end":{"line":24,"column":34}},"loc":{"start":{"line":24,"column":38},"end":{"line":24,"column":49}},"line":24},"3":{"name":"(anonymous_3)","decl":{"start":{"line":27,"column":4},"end":{"line":27,"column":5}},"loc":{"start":{"line":27,"column":36},"end":{"line":33,"column":5}},"line":27},"4":{"name":"(anonymous_4)","decl":{"start":{"line":35,"column":4},"end":{"line":35,"column":5}},"loc":{"start":{"line":35,"column":44},"end":{"line":41,"column":5}},"line":35},"5":{"name":"(anonymous_5)","decl":{"start":{"line":43,"column":4},"end":{"line":43,"column":5}},"loc":{"start":{"line":43,"column":30},"end":{"line":49,"column":5}},"line":43},"6":{"name":"(anonymous_6)","decl":{"start":{"line":51,"column":4},"end":{"line":51,"column":5}},"loc":{"start":{"line":51,"column":23},"end":{"line":57,"column":5}},"line":51},"7":{"name":"(anonymous_7)","decl":{"start":{"line":59,"column":4},"end":{"line":59,"column":5}},"loc":{"start":{"line":59,"column":20},"end":{"line":65,"column":5}},"line":59}},"branchMap":{"0":{"loc":{"start":{"line":21,"column":8},"end":{"line":23,"column":9}},"type":"if","locations":[{"start":{"line":21,"column":8},"end":{"line":23,"column":9}},{"start":{},"end":{}}],"line":21},"1":{"loc":{"start":{"line":29,"column":8},"end":{"line":31,"column":9}},"type":"if","locations":[{"start":{"line":29,"column":8},"end":{"line":31,"column":9}},{"start":{},"end":{}}],"line":29},"2":{"loc":{"start":{"line":37,"column":8},"end":{"line":39,"column":9}},"type":"if","locations":[{"start":{"line":37,"column":8},"end":{"line":39,"column":9}},{"start":{},"end":{}}],"line":37},"3":{"loc":{"start":{"line":61,"column":8},"end":{"line":63,"column":9}},"type":"if","locations":[{"start":{"line":61,"column":8},"end":{"line":63,"column":9}},{"start":{},"end":{}}],"line":61}},"s":{"0":2,"1":7,"2":7,"3":7,"4":7,"5":7,"6":7,"7":7,"8":7,"9":7,"10":7,"11":1,"12":1,"13":0,"14":1,"15":3,"16":3,"17":1,"18":0,"19":1,"20":1,"21":1,"22":0,"23":1,"24":1,"25":1,"26":1,"27":1,"28":1,"29":0,"30":0,"31":0,"32":0,"33":0,"34":0,"35":0,"36":0,"37":0,"38":2},"f":{"0":7,"1":1,"2":3,"3":3,"4":1,"5":1,"6":0,"7":0},"b":{"0":[0,1],"1":[0,1],"2":[0,1],"3":[0,0]},"_coverageSchema":"1a1c01bbd47fc00a2c39e90264f33305004495a9","hash":"cd622eb470fee0d00f1ceb98e4bf0d0a5d70186c"}
,"C:\\Users\\gokud.DESKTOP-9VK8G70\\OneDrive\\Desktop\\Coding\\sunakkered\\server\\models\\token.js": {"path":"C:\\Users\\gokud.DESKTOP-9VK8G70\\OneDrive\\Desktop\\Coding\\sunakkered\\server\\models\\token.js","statementMap":{"0":{"start":{"line":1,"column":23},"end":{"line":1,"column":38}},"1":{"start":{"line":3,"column":11},"end":{"line":3,"column":41}},"2":{"start":{"line":8,"column":8},"end":{"line":8,"column":33}},"3":{"start":{"line":9,"column":8},"end":{"line":9,"column":33}},"4":{"start":{"line":10,"column":8},"end":{"line":10,"column":27}},"5":{"start":{"line":14,"column":22},"end":{"line":14,"column":30}},"6":{"start":{"line":15,"column":25},"end":{"line":16,"column":30}},"7":{"start":{"line":17,"column":22},"end":{"line":17,"column":47}},"8":{"start":{"line":18,"column":25},"end":{"line":18,"column":54}},"9":{"start":{"line":19,"column":8},"end":{"line":19,"column":24}},"10":{"start":{"line":23,"column":25},"end":{"line":23,"column":88}},"11":{"start":{"line":24,"column":8},"end":{"line":28,"column":9}},"12":{"start":{"line":25,"column":12},"end":{"line":25,"column":55}},"13":{"start":{"line":27,"column":12},"end":{"line":27,"column":47}},"14":{"start":{"line":32,"column":25},"end":{"line":32,"column":88}},"15":{"start":{"line":33,"column":8},"end":{"line":37,"column":9}},"16":{"start":{"line":34,"column":12},"end":{"line":34,"column":55}},"17":{"start":{"line":36,"column":12},"end":{"line":36,"column":47}},"18":{"start":{"line":42,"column":0},"end":{"line":42,"column":23}}},"fnMap":{"0":{"name":"(anonymous_0)","decl":{"start":{"line":7,"column":4},"end":{"line":7,"column":5}},"loc":{"start":{"line":7,"column":46},"end":{"line":11,"column":5}},"line":7},"1":{"name":"(anonymous_1)","decl":{"start":{"line":13,"column":4},"end":{"line":13,"column":5}},"loc":{"start":{"line":13,"column":34},"end":{"line":20,"column":5}},"line":13},"2":{"name":"(anonymous_2)","decl":{"start":{"line":22,"column":4},"end":{"line":22,"column":5}},"loc":{"start":{"line":22,"column":32},"end":{"line":29,"column":5}},"line":22},"3":{"name":"(anonymous_3)","decl":{"start":{"line":31,"column":4},"end":{"line":31,"column":5}},"loc":{"start":{"line":31,"column":38},"end":{"line":38,"column":5}},"line":31}},"branchMap":{"0":{"loc":{"start":{"line":24,"column":8},"end":{"line":28,"column":9}},"type":"if","locations":[{"start":{"line":24,"column":8},"end":{"line":28,"column":9}},{"start":{"line":26,"column":15},"end":{"line":28,"column":9}}],"line":24},"1":{"loc":{"start":{"line":33,"column":8},"end":{"line":37,"column":9}},"type":"if","locations":[{"start":{"line":33,"column":8},"end":{"line":37,"column":9}},{"start":{"line":35,"column":15},"end":{"line":37,"column":9}}],"line":33}},"s":{"0":1,"1":1,"2":0,"3":0,"4":0,"5":0,"6":0,"7":0,"8":0,"9":0,"10":0,"11":0,"12":0,"13":0,"14":0,"15":0,"16":0,"17":0,"18":1},"f":{"0":0,"1":0,"2":0,"3":0},"b":{"0":[0,0],"1":[0,0]},"_coverageSchema":"1a1c01bbd47fc00a2c39e90264f33305004495a9","hash":"b087cb946f4163609895590eb32ffdd860277503"}
}
