TN:
SF:server\controllers\participate.js
FN:3,index
FN:12,show
FN:22,create
FN:32,update
FN:44,destroy
FNF:5
FNH:4
FNDA:1,index
FNDA:1,show
FNDA:1,create
FNDA:0,update
FNDA:1,destroy
DA:1,1
DA:4,1
DA:5,1
DA:6,1
DA:8,0
DA:13,1
DA:14,1
DA:15,1
DA:16,1
DA:18,0
DA:23,1
DA:24,1
DA:25,1
DA:26,1
DA:28,0
DA:33,0
DA:34,0
DA:35,0
DA:36,0
DA:37,0
DA:38,0
DA:40,0
DA:45,1
DA:46,1
DA:47,1
DA:48,1
DA:49,1
DA:51,0
DA:56,1
LF:29
LH:18
BRF:0
BRH:0
end_of_record
TN:
SF:server\database\connect.js
FNF:0
FNH:0
DA:1,5
DA:4,5
DA:5,5
DA:6,5
DA:10,0
DA:16,5
DA:18,5
LF:7
LH:6
BRDA:4,0,0,5
BRDA:4,0,1,0
BRF:2
BRH:1
end_of_record
TN:
SF:server\models\Complaint.js
FN:4,(anonymous_0)
FN:18,(anonymous_1)
FN:23,(anonymous_2)
FN:26,(anonymous_3)
FN:31,(anonymous_4)
FN:42,(anonymous_5)
FN:50,(anonymous_6)
FN:58,(anonymous_7)
FN:68,(anonymous_8)
FN:76,(anonymous_9)
FN:84,(anonymous_10)
FN:92,(anonymous_11)
FN:100,(anonymous_12)
FNF:13
FNH:5
FNDA:5,(anonymous_0)
FNDA:1,(anonymous_1)
FNDA:3,(anonymous_2)
FNDA:0,(anonymous_3)
FNDA:0,(anonymous_4)
FNDA:2,(anonymous_5)
FNDA:1,(anonymous_6)
FNDA:0,(anonymous_7)
FNDA:0,(anonymous_8)
FNDA:0,(anonymous_9)
FNDA:0,(anonymous_10)
FNDA:0,(anonymous_11)
FNDA:0,(anonymous_12)
DA:1,1
DA:7,5
DA:8,5
DA:9,5
DA:10,5
DA:11,5
DA:12,5
DA:13,5
DA:14,5
DA:15,5
DA:19,1
DA:20,1
DA:21,0
DA:23,3
DA:27,0
DA:28,0
DA:29,0
DA:31,0
DA:43,2
DA:44,2
DA:45,0
DA:47,2
DA:51,1
DA:52,1
DA:53,1
DA:54,1
DA:55,1
DA:59,0
DA:60,0
DA:63,0
DA:64,0
DA:65,0
DA:69,0
DA:70,0
DA:71,0
DA:73,0
DA:77,0
DA:78,0
DA:79,0
DA:81,0
DA:85,0
DA:86,0
DA:87,0
DA:89,0
DA:93,0
DA:94,0
DA:95,0
DA:97,0
DA:101,0
DA:103,0
DA:115,1
LF:51
LH:22
BRDA:20,0,0,0
BRDA:20,0,1,1
BRDA:28,1,0,0
BRDA:28,1,1,0
BRDA:44,2,0,0
BRDA:44,2,1,2
BRDA:51,3,0,0
BRDA:51,4,0,1
BRDA:51,5,0,0
BRDA:70,6,0,0
BRDA:70,6,1,0
BRDA:78,7,0,0
BRDA:78,7,1,0
BRDA:86,8,0,0
BRDA:86,8,1,0
BRDA:94,9,0,0
BRDA:94,9,1,0
BRF:17
BRH:3
end_of_record
TN:
SF:server\models\Event.js
FN:4,(anonymous_0)
FN:25,(anonymous_1)
FN:30,(anonymous_2)
FN:33,(anonymous_3)
FN:38,(anonymous_4)
FN:42,(anonymous_5)
FN:58,(anonymous_6)
FN:63,(anonymous_7)
FN:66,(anonymous_8)
FN:71,(anonymous_9)
FN:74,(anonymous_10)
FN:82,(anonymous_11)
FNF:12
FNH:5
FNDA:3,(anonymous_0)
FNDA:1,(anonymous_1)
FNDA:1,(anonymous_2)
FNDA:0,(anonymous_3)
FNDA:0,(anonymous_4)
FNDA:2,(anonymous_5)
FNDA:0,(anonymous_6)
FNDA:0,(anonymous_7)
FNDA:0,(anonymous_8)
FNDA:0,(anonymous_9)
FNDA:1,(anonymous_10)
FNDA:0,(anonymous_11)
DA:1,1
DA:8,3
DA:9,3
DA:11,3
DA:13,0
DA:14,0
DA:15,0
DA:16,0
DA:17,0
DA:18,0
DA:19,0
DA:20,0
DA:21,0
DA:22,0
DA:26,1
DA:27,1
DA:28,0
DA:30,1
DA:34,0
DA:35,0
DA:36,0
DA:38,0
DA:43,2
DA:44,2
DA:45,0
DA:47,2
DA:59,0
DA:60,0
DA:61,0
DA:63,0
DA:67,0
DA:68,0
DA:69,0
DA:71,0
DA:75,1
DA:76,1
DA:77,1
DA:78,1
DA:79,0
DA:84,0
DA:86,0
DA:90,0
DA:91,0
DA:92,0
DA:106,1
LF:45
LH:15
BRDA:27,0,0,0
BRDA:27,0,1,1
BRDA:35,1,0,0
BRDA:35,1,1,0
BRDA:44,2,0,0
BRDA:44,2,1,2
BRDA:60,3,0,0
BRDA:60,3,1,0
BRDA:68,4,0,0
BRDA:68,4,1,0
BRDA:75,5,0,0
BRDA:75,6,0,0
BRDA:75,7,0,0
BRDA:75,8,0,0
BRDA:84,9,0,0
BRDA:84,10,0,0
BRDA:84,11,0,0
BRDA:84,12,0,0
BRDA:84,13,0,0
BRDA:84,14,0,0
BRDA:84,15,0,0
BRDA:84,16,0,0
BRDA:84,17,0,0
BRDA:84,18,0,0
BRF:24
BRH:2
end_of_record
TN:
SF:server\models\Participate.js
FN:5,(anonymous_0)
FN:13,(anonymous_1)
FN:18,(anonymous_2)
FN:21,(anonymous_3)
FN:29,(anonymous_4)
FN:37,(anonymous_5)
FN:45,(anonymous_6)
FNF:7
FNH:5
FNDA:8,(anonymous_0)
FNDA:1,(anonymous_1)
FNDA:3,(anonymous_2)
FNDA:2,(anonymous_3)
FNDA:1,(anonymous_4)
FNDA:0,(anonymous_5)
FNDA:0,(anonymous_6)
DA:1,2
DA:6,8
DA:7,8
DA:8,8
DA:9,8
DA:14,1
DA:15,1
DA:16,0
DA:18,3
DA:22,2
DA:23,2
DA:24,0
DA:26,2
DA:30,1
DA:31,1
DA:32,1
DA:33,1
DA:34,1
DA:38,0
DA:39,0
DA:40,0
DA:41,0
DA:42,0
DA:46,0
DA:47,0
DA:48,0
DA:50,0
DA:55,2
LF:28
LH:17
BRDA:15,0,0,0
BRDA:15,0,1,1
BRDA:23,1,0,0
BRDA:23,1,1,2
BRDA:47,2,0,0
BRDA:47,2,1,0
BRF:6
BRH:2
end_of_record
TN:
SF:server\models\User.js
FN:5,(anonymous_0)
FN:19,(anonymous_1)
FN:24,(anonymous_2)
FN:27,(anonymous_3)
FN:35,(anonymous_4)
FN:43,(anonymous_5)
FN:51,(anonymous_6)
FN:59,(anonymous_7)
FNF:8
FNH:6
FNDA:5,(anonymous_0)
FNDA:1,(anonymous_1)
FNDA:3,(anonymous_2)
FNDA:1,(anonymous_3)
FNDA:1,(anonymous_4)
FNDA:1,(anonymous_5)
FNDA:0,(anonymous_6)
FNDA:0,(anonymous_7)
DA:1,1
DA:6,5
DA:7,5
DA:8,5
DA:9,5
DA:10,5
DA:11,5
DA:12,5
DA:13,5
DA:14,5
DA:15,5
DA:20,1
DA:21,1
DA:22,0
DA:24,3
DA:28,1
DA:29,1
DA:30,0
DA:32,1
DA:36,1
DA:37,1
DA:38,0
DA:40,1
DA:44,1
DA:45,1
DA:46,1
DA:47,1
DA:48,1
DA:52,0
DA:53,0
DA:54,0
DA:55,0
DA:56,0
DA:60,0
DA:61,0
DA:62,0
DA:64,0
DA:69,1
LF:38
LH:26
BRDA:21,0,0,0
BRDA:21,0,1,1
BRDA:29,1,0,0
BRDA:29,1,1,1
BRDA:37,2,0,0
BRDA:37,2,1,1
BRDA:61,3,0,0
BRDA:61,3,1,0
BRF:8
BRH:3
end_of_record
